2026-01-31 21:46:08,970 - INFO - Caricati ticket raw: /home/cantarell/PycharmProjects/PM_ASF/etl/output/csv/jira_issues_raw.csv (1095)
2026-01-31 21:46:08,976 - INFO - Rimossi duplicati ticket per 'key': 0
2026-01-31 21:46:08,982 - INFO - Filtrati ticket con risoluzioni non utili: 152
2026-01-31 21:46:09,015 - INFO - Convertita a datetime (naive): fields.created
2026-01-31 21:46:09,028 - INFO - Convertita a datetime (naive): fields.resolutiondate
2026-01-31 21:46:09,197 - INFO - Salvati 943 ticket puliti in /home/cantarell/PycharmProjects/PM_ASF/etl/output/csv/jira_issues_clean.csv
2026-01-31 21:46:09,595 - INFO - Caricate PR raw: /home/cantarell/PycharmProjects/PM_ASF/etl/output/csv/github_prs_raw.csv (3336)
2026-01-31 21:46:09,635 - INFO - Convertita a datetime (naive): created_at
2026-01-31 21:46:09,657 - INFO - Convertita a datetime (naive): updated_at
2026-01-31 21:46:09,679 - INFO - Convertita a datetime (naive): closed_at
2026-01-31 21:46:09,699 - INFO - Convertita a datetime (naive): merged_at
2026-01-31 21:46:10,426 - INFO - Salvate 3336 PR pulite in /home/cantarell/PycharmProjects/PM_ASF/etl/output/csv/github_prs_clean.csv
2026-01-31 21:46:10,459 - INFO - Merge completato: righe=960. Derivo fasi...
2026-01-31 21:46:10,460 - INFO - Calcolo aggregazioni PR per ticket (first created_at, last merged/closed)...
2026-01-31 21:46:10,482 - INFO - Calcolo durate (giorni) per ciascuna fase...
2026-01-31 21:46:10,518 - INFO - [dev_duration_days] validi=196 | mean=148.36 | median=0.70
2026-01-31 21:46:10,521 - INFO - [review_duration_days] validi=196 | mean=35.05 | median=9.24
2026-01-31 21:46:10,523 - INFO - [test_duration_days] validi=118 | mean=10.71 | median=0.00
2026-01-31 21:46:10,525 - INFO - [resolution_time_days] validi=887 | mean=215.73 | median=21.15
2026-01-31 21:46:10,787 - INFO - Salvati dati mergeati (ticket+PR+fasi) in /home/cantarell/PycharmProjects/PM_ASF/etl/output/csv/tickets_prs_merged.csv
